[I 05:23:46.038 NotebookApp] Serving notebooks from local directory: /home/ubuntu/dog-project
[I 05:23:46.038 NotebookApp] 0 active kernels
[I 05:23:46.038 NotebookApp] The Jupyter Notebook is running at:
[I 05:23:46.038 NotebookApp] http://0.0.0.0:8888/?token=adbe4cc7afd182e4b28ed1b3302eacda136edc96aaa59d79
[I 05:23:46.038 NotebookApp] Use Control-C to stop this server and shut down all kernels (twice to skip confirmation).
[C 05:23:46.039 NotebookApp] 
    
    Copy/paste this URL into your browser when you connect for the first time,
    to login with a token:
        http://0.0.0.0:8888/?token=adbe4cc7afd182e4b28ed1b3302eacda136edc96aaa59d79
[I 05:24:28.063 NotebookApp] 302 GET /?token=adbe4cc7afd182e4b28ed1b3302eacda136edc96aaa59d79 (68.204.7.55) 0.54ms
[I 05:24:34.416 NotebookApp] Kernel started: fa4efa5d-5a7a-4d4a-aa8d-720dbdfb77e1
[I 05:24:34.445 NotebookApp] 302 GET /notebooks/images/Brittany_02625.jpg (68.204.7.55) 1.85ms
[I 05:24:34.446 NotebookApp] 302 GET /notebooks/images/sample_dog_output.png (68.204.7.55) 1.04ms
[I 05:24:34.448 NotebookApp] 302 GET /notebooks/images/Welsh_springer_spaniel_08203.jpg (68.204.7.55) 1.02ms
[I 05:24:34.458 NotebookApp] 302 GET /notebooks/images/Curly-coated_retriever_03896.jpg (68.204.7.55) 1.01ms
[I 05:24:34.503 NotebookApp] 302 GET /notebooks/images/American_water_spaniel_00648.jpg (68.204.7.55) 1.33ms
[I 05:24:34.817 NotebookApp] 302 GET /notebooks/images/Labrador_retriever_06457.jpg (68.204.7.55) 0.93ms
[I 05:24:34.905 NotebookApp] 302 GET /notebooks/images/Labrador_retriever_06455.jpg (68.204.7.55) 0.70ms
[I 05:24:34.906 NotebookApp] 302 GET /notebooks/images/Labrador_retriever_06449.jpg (68.204.7.55) 0.61ms
[I 05:24:34.971 NotebookApp] 302 GET /notebooks/images/sample_cnn.png (68.204.7.55) 1.12ms
[I 05:24:34.973 NotebookApp] 302 GET /notebooks/images/sample_human_output.png (68.204.7.55) 0.86ms
[I 05:24:35.109 NotebookApp] Adapting to protocol v5.1 for kernel fa4efa5d-5a7a-4d4a-aa8d-720dbdfb77e1
[I 05:26:35.158 NotebookApp] Saving file at /dog_app.ipynb
[I 05:58:58.161 NotebookApp] Saving file at /dog_app.ipynb
[I 06:06:59.581 NotebookApp] Saving file at /dog_app.ipynb
[I 06:10:59.306 NotebookApp] Saving file at /dog_app.ipynb
2017-12-14 06:14:41.367391: W tensorflow/core/platform/cpu_feature_guard.cc:45] The TensorFlow library wasn't compiled to use SSE4.1 instructions, but these are available on your machine and could speed up CPU computations.
2017-12-14 06:14:41.367447: W tensorflow/core/platform/cpu_feature_guard.cc:45] The TensorFlow library wasn't compiled to use SSE4.2 instructions, but these are available on your machine and could speed up CPU computations.
2017-12-14 06:14:41.367454: W tensorflow/core/platform/cpu_feature_guard.cc:45] The TensorFlow library wasn't compiled to use AVX instructions, but these are available on your machine and could speed up CPU computations.
2017-12-14 06:14:41.367459: W tensorflow/core/platform/cpu_feature_guard.cc:45] The TensorFlow library wasn't compiled to use AVX2 instructions, but these are available on your machine and could speed up CPU computations.
2017-12-14 06:14:41.367464: W tensorflow/core/platform/cpu_feature_guard.cc:45] The TensorFlow library wasn't compiled to use FMA instructions, but these are available on your machine and could speed up CPU computations.
2017-12-14 06:14:41.486848: I tensorflow/stream_executor/cuda/cuda_gpu_executor.cc:893] successful NUMA node read from SysFS had negative value (-1), but there must be at least one NUMA node, so returning NUMA node zero
2017-12-14 06:14:41.487337: I tensorflow/core/common_runtime/gpu/gpu_device.cc:955] Found device 0 with properties: 
name: Tesla K80
major: 3 minor: 7 memoryClockRate (GHz) 0.8235
pciBusID 0000:00:1e.0
Total memory: 11.17GiB
Free memory: 11.04GiB
2017-12-14 06:14:41.487356: I tensorflow/core/common_runtime/gpu/gpu_device.cc:976] DMA: 0 
2017-12-14 06:14:41.487362: I tensorflow/core/common_runtime/gpu/gpu_device.cc:986] 0:   Y 
2017-12-14 06:14:41.487371: I tensorflow/core/common_runtime/gpu/gpu_device.cc:1045] Creating TensorFlow device (/gpu:0) -> (device: 0, name: Tesla K80, pci bus id: 0000:00:1e.0)
[I 06:14:58.902 NotebookApp] Saving file at /dog_app.ipynb
[I 06:18:58.976 NotebookApp] Saving file at /dog_app.ipynb
[W 06:31:05.109 NotebookApp] WebSocket ping timeout after 119615 ms.
[I 07:32:10.472 NotebookApp] Adapting to protocol v5.1 for kernel fa4efa5d-5a7a-4d4a-aa8d-720dbdfb77e1
[W 07:36:10.473 NotebookApp] WebSocket ping timeout after 119853 ms.
[I 12:57:11.293 NotebookApp] Adapting to protocol v5.1 for kernel fa4efa5d-5a7a-4d4a-aa8d-720dbdfb77e1
[W 13:11:11.293 NotebookApp] WebSocket ping timeout after 119897 ms.
[I 14:04:21.242 NotebookApp] Adapting to protocol v5.1 for kernel fa4efa5d-5a7a-4d4a-aa8d-720dbdfb77e1
[W 14:25:51.245 NotebookApp] WebSocket ping timeout after 119965 ms.
[I 15:36:57.661 NotebookApp] Adapting to protocol v5.1 for kernel fa4efa5d-5a7a-4d4a-aa8d-720dbdfb77e1
[W 17:06:57.663 NotebookApp] WebSocket ping timeout after 119812 ms.
[I 17:20:19.967 NotebookApp] Adapting to protocol v5.1 for kernel fa4efa5d-5a7a-4d4a-aa8d-720dbdfb77e1
[W 20:11:19.968 NotebookApp] WebSocket ping timeout after 119759 ms.
[I 21:47:48.677 NotebookApp] Adapting to protocol v5.1 for kernel fa4efa5d-5a7a-4d4a-aa8d-720dbdfb77e1
[C 23:50:24.852 NotebookApp] received signal 15, stopping
[I 23:50:24.853 NotebookApp] Shutting down 1 kernel
[I 23:50:24.954 NotebookApp] Kernel shutdown: fa4efa5d-5a7a-4d4a-aa8d-720dbdfb77e1
[I 03:23:38.818 NotebookApp] Writing notebook server cookie secret to /run/user/1000/jupyter/notebook_cookie_secret
[I 03:23:39.649 NotebookApp] Serving notebooks from local directory: /home/ubuntu/dog-project
[I 03:23:39.649 NotebookApp] 0 active kernels
[I 03:23:39.649 NotebookApp] The Jupyter Notebook is running at:
[I 03:23:39.649 NotebookApp] http://0.0.0.0:8888/?token=9889129018c2e0a7358ed3a4a04e27c88d179701f41e765d
[I 03:23:39.649 NotebookApp] Use Control-C to stop this server and shut down all kernels (twice to skip confirmation).
[C 03:23:39.650 NotebookApp] 
    
    Copy/paste this URL into your browser when you connect for the first time,
    to login with a token:
        http://0.0.0.0:8888/?token=9889129018c2e0a7358ed3a4a04e27c88d179701f41e765d
[I 03:24:11.323 NotebookApp] 302 GET /?token=9889129018c2e0a7358ed3a4a04e27c88d179701f41e765d (68.204.7.55) 0.63ms
[I 03:24:17.520 NotebookApp] Kernel started: e5335c97-23f3-4bcb-82de-a2cd04fc0cca
[I 03:24:17.548 NotebookApp] 302 GET /notebooks/images/Brittany_02625.jpg (68.204.7.55) 1.63ms
[I 03:24:17.549 NotebookApp] 302 GET /notebooks/images/sample_dog_output.png (68.204.7.55) 0.67ms
[I 03:24:17.550 NotebookApp] 302 GET /notebooks/images/Welsh_springer_spaniel_08203.jpg (68.204.7.55) 0.64ms
[I 03:24:17.559 NotebookApp] 302 GET /notebooks/images/American_water_spaniel_00648.jpg (68.204.7.55) 1.57ms
[I 03:24:17.561 NotebookApp] 302 GET /notebooks/images/Curly-coated_retriever_03896.jpg (68.204.7.55) 0.99ms
[I 03:24:17.830 NotebookApp] 302 GET /notebooks/images/Labrador_retriever_06457.jpg (68.204.7.55) 1.47ms
[I 03:24:17.851 NotebookApp] 302 GET /notebooks/images/Labrador_retriever_06455.jpg (68.204.7.55) 1.00ms
[I 03:24:18.043 NotebookApp] 302 GET /notebooks/images/Labrador_retriever_06449.jpg (68.204.7.55) 1.08ms
[I 03:24:18.053 NotebookApp] 302 GET /notebooks/images/sample_cnn.png (68.204.7.55) 0.99ms
[I 03:24:18.075 NotebookApp] 302 GET /notebooks/images/sample_human_output.png (68.204.7.55) 1.38ms
[I 03:24:18.313 NotebookApp] Adapting to protocol v5.1 for kernel e5335c97-23f3-4bcb-82de-a2cd04fc0cca
I tensorflow/stream_executor/dso_loader.cc:135] successfully opened CUDA library libcublas.so.8.0 locally
I tensorflow/stream_executor/dso_loader.cc:135] successfully opened CUDA library libcudnn.so.5 locally
I tensorflow/stream_executor/dso_loader.cc:135] successfully opened CUDA library libcufft.so.8.0 locally
I tensorflow/stream_executor/dso_loader.cc:135] successfully opened CUDA library libcuda.so.1 locally
I tensorflow/stream_executor/dso_loader.cc:135] successfully opened CUDA library libcurand.so.8.0 locally
[I 03:26:18.055 NotebookApp] Saving file at /dog_app.ipynb
W tensorflow/core/platform/cpu_feature_guard.cc:45] The TensorFlow library wasn't compiled to use SSE3 instructions, but these are available on your machine and could speed up CPU computations.
W tensorflow/core/platform/cpu_feature_guard.cc:45] The TensorFlow library wasn't compiled to use SSE4.1 instructions, but these are available on your machine and could speed up CPU computations.
W tensorflow/core/platform/cpu_feature_guard.cc:45] The TensorFlow library wasn't compiled to use SSE4.2 instructions, but these are available on your machine and could speed up CPU computations.
W tensorflow/core/platform/cpu_feature_guard.cc:45] The TensorFlow library wasn't compiled to use AVX instructions, but these are available on your machine and could speed up CPU computations.
W tensorflow/core/platform/cpu_feature_guard.cc:45] The TensorFlow library wasn't compiled to use AVX2 instructions, but these are available on your machine and could speed up CPU computations.
W tensorflow/core/platform/cpu_feature_guard.cc:45] The TensorFlow library wasn't compiled to use FMA instructions, but these are available on your machine and could speed up CPU computations.
I tensorflow/stream_executor/cuda/cuda_gpu_executor.cc:910] successful NUMA node read from SysFS had negative value (-1), but there must be at least one NUMA node, so returning NUMA node zero
I tensorflow/core/common_runtime/gpu/gpu_device.cc:885] Found device 0 with properties: 
name: Tesla K80
major: 3 minor: 7 memoryClockRate (GHz) 0.8235
pciBusID 0000:00:1e.0
Total memory: 11.17GiB
Free memory: 11.04GiB
I tensorflow/core/common_runtime/gpu/gpu_device.cc:906] DMA: 0 
I tensorflow/core/common_runtime/gpu/gpu_device.cc:916] 0:   Y 
I tensorflow/core/common_runtime/gpu/gpu_device.cc:975] Creating TensorFlow device (/gpu:0) -> (device: 0, name: Tesla K80, pci bus id: 0000:00:1e.0)
[I 03:30:18.089 NotebookApp] Saving file at /dog_app.ipynb
[I 03:42:18.098 NotebookApp] Saving file at /dog_app.ipynb
[I 03:44:18.049 NotebookApp] Saving file at /dog_app.ipynb
[I 03:46:18.591 NotebookApp] Saving file at /dog_app.ipynb
[I 03:48:18.634 NotebookApp] Saving file at /dog_app.ipynb
[I 03:54:18.000 NotebookApp] Saving file at /dog_app.ipynb
[I 03:56:17.995 NotebookApp] Saving file at /dog_app.ipynb
[I 03:58:17.992 NotebookApp] Saving file at /dog_app.ipynb
[I 04:00:18.491 NotebookApp] Saving file at /dog_app.ipynb
[I 04:02:17.978 NotebookApp] Saving file at /dog_app.ipynb
[I 04:04:17.978 NotebookApp] Saving file at /dog_app.ipynb
[I 04:06:17.996 NotebookApp] Saving file at /dog_app.ipynb
[I 04:08:18.656 NotebookApp] Saving file at /dog_app.ipynb
[I 04:30:18.596 NotebookApp] Saving file at /dog_app.ipynb
[I 04:32:17.936 NotebookApp] Saving file at /dog_app.ipynb
[I 04:34:18.259 NotebookApp] Saving file at /dog_app.ipynb
[I 04:36:17.940 NotebookApp] Saving file at /dog_app.ipynb
[I 04:40:17.957 NotebookApp] Saving file at /dog_app.ipynb
[I 04:42:17.946 NotebookApp] Saving file at /dog_app.ipynb
[I 04:44:17.931 NotebookApp] Saving file at /dog_app.ipynb
[I 04:46:17.911 NotebookApp] Saving file at /dog_app.ipynb
[I 04:48:17.902 NotebookApp] Saving file at /dog_app.ipynb
[I 04:49:27.481 NotebookApp] 302 GET /notebooks/images/sample_dog_output.png (68.204.7.55) 1.02ms
[I 04:49:27.485 NotebookApp] 302 GET /notebooks/images/Brittany_02625.jpg (68.204.7.55) 0.77ms
[I 04:49:27.486 NotebookApp] 302 GET /notebooks/images/American_water_spaniel_00648.jpg (68.204.7.55) 0.62ms
[I 04:49:27.487 NotebookApp] 302 GET /notebooks/images/Curly-coated_retriever_03896.jpg (68.204.7.55) 1.11ms
[I 04:49:27.488 NotebookApp] 302 GET /notebooks/images/Welsh_springer_spaniel_08203.jpg (68.204.7.55) 0.63ms
[I 04:49:27.491 NotebookApp] 302 GET /notebooks/images/Labrador_retriever_06457.jpg (68.204.7.55) 0.64ms
[I 04:49:27.614 NotebookApp] Adapting to protocol v5.1 for kernel e5335c97-23f3-4bcb-82de-a2cd04fc0cca
[I 04:49:27.833 NotebookApp] 302 GET /notebooks/images/Labrador_retriever_06455.jpg (68.204.7.55) 1.00ms
[I 04:49:27.845 NotebookApp] 302 GET /notebooks/images/Labrador_retriever_06449.jpg (68.204.7.55) 1.02ms
[I 04:49:27.854 NotebookApp] 302 GET /notebooks/images/sample_cnn.png (68.204.7.55) 0.96ms
[I 04:49:27.871 NotebookApp] 302 GET /notebooks/images/sample_human_output.png (68.204.7.55) 0.65ms
[I 04:50:17.943 NotebookApp] Saving file at /dog_app.ipynb
[I 04:52:17.898 NotebookApp] Saving file at /dog_app.ipynb
[I 04:54:18.767 NotebookApp] Saving file at /dog_app.ipynb
[I 04:56:18.126 NotebookApp] Saving file at /dog_app.ipynb
[I 04:58:18.412 NotebookApp] Saving file at /dog_app.ipynb
[I 05:00:18.539 NotebookApp] Saving file at /dog_app.ipynb
[I 05:02:17.890 NotebookApp] Saving file at /dog_app.ipynb
[I 05:04:17.891 NotebookApp] Saving file at /dog_app.ipynb
[I 05:18:17.875 NotebookApp] Saving file at /dog_app.ipynb
[I 05:20:17.913 NotebookApp] Saving file at /dog_app.ipynb
[I 05:22:17.893 NotebookApp] Saving file at /dog_app.ipynb
[I 05:36:17.993 NotebookApp] Saving file at /dog_app.ipynb
[I 05:38:18.348 NotebookApp] Saving file at /dog_app.ipynb
[I 05:56:17.813 NotebookApp] Saving file at /dog_app.ipynb
[I 05:58:17.810 NotebookApp] Saving file at /dog_app.ipynb
[I 06:00:17.820 NotebookApp] Saving file at /dog_app.ipynb
[I 06:02:17.822 NotebookApp] Saving file at /dog_app.ipynb
[I 06:04:17.822 NotebookApp] Saving file at /dog_app.ipynb
[I 06:06:17.807 NotebookApp] Saving file at /dog_app.ipynb
[I 06:08:17.806 NotebookApp] Saving file at /dog_app.ipynb
[I 06:10:17.797 NotebookApp] Saving file at /dog_app.ipynb
[I 06:12:17.794 NotebookApp] Saving file at /dog_app.ipynb
[I 06:14:17.796 NotebookApp] Saving file at /dog_app.ipynb
[I 06:16:17.787 NotebookApp] Saving file at /dog_app.ipynb
[I 06:20:17.774 NotebookApp] Saving file at /dog_app.ipynb
[I 06:22:17.778 NotebookApp] Saving file at /dog_app.ipynb
[I 06:24:17.771 NotebookApp] Saving file at /dog_app.ipynb
[I 06:26:17.772 NotebookApp] Saving file at /dog_app.ipynb
[I 06:28:18.246 NotebookApp] Saving file at /dog_app.ipynb
[I 06:30:17.804 NotebookApp] Saving file at /dog_app.ipynb
[I 06:32:18.646 NotebookApp] Saving file at /dog_app.ipynb
[I 06:34:19.084 NotebookApp] Saving file at /dog_app.ipynb
[I 06:36:18.474 NotebookApp] Saving file at /dog_app.ipynb
[I 06:38:19.106 NotebookApp] Saving file at /dog_app.ipynb
[I 06:40:19.589 NotebookApp] Saving file at /dog_app.ipynb
[I 06:46:19.172 NotebookApp] Saving file at /dog_app.ipynb
[I 06:48:20.051 NotebookApp] Saving file at /dog_app.ipynb
[I 06:50:20.502 NotebookApp] Saving file at /dog_app.ipynb
[I 06:52:21.021 NotebookApp] Saving file at /dog_app.ipynb
[I 06:54:21.185 NotebookApp] Saving file at /dog_app.ipynb
[I 06:56:18.186 NotebookApp] Saving file at /dog_app.ipynb
[I 06:58:17.717 NotebookApp] Saving file at /dog_app.ipynb
[I 07:00:17.747 NotebookApp] Saving file at /dog_app.ipynb
[I 07:02:19.301 NotebookApp] Saving file at /dog_app.ipynb
[I 07:04:19.331 NotebookApp] Saving file at /dog_app.ipynb
[I 07:06:19.321 NotebookApp] Saving file at /dog_app.ipynb
[I 07:07:44.628 NotebookApp] 302 GET / (106.184.3.122) 0.56ms
[W 07:08:48.315 NotebookApp] WebSocket ping timeout after 119930 ms.
[I 07:09:12.716 NotebookApp] 302 GET / (54.218.64.173) 0.49ms
[I 07:26:40.920 NotebookApp] Saving file at /dog_app.ipynb
[I 07:28:22.546 NotebookApp] Adapting to protocol v5.1 for kernel e5335c97-23f3-4bcb-82de-a2cd04fc0cca
[I 07:28:40.297 NotebookApp] Saving file at /dog_app.ipynb
[I 07:30:40.274 NotebookApp] Saving file at /dog_app.ipynb
[I 07:32:40.270 NotebookApp] Saving file at /dog_app.ipynb
[I 07:34:40.254 NotebookApp] Saving file at /dog_app.ipynb
[I 07:35:04.980 NotebookApp] Kernel interrupted: e5335c97-23f3-4bcb-82de-a2cd04fc0cca
[I 07:36:38.688 NotebookApp] Saving file at /dog_app.ipynb
[I 07:40:38.670 NotebookApp] Saving file at /dog_app.ipynb
[I 07:42:38.799 NotebookApp] Saving file at /dog_app.ipynb
[I 07:46:38.651 NotebookApp] Saving file at /dog_app.ipynb
[I 07:48:40.370 NotebookApp] Saving file at /dog_app.ipynb
[I 07:50:40.333 NotebookApp] Saving file at /dog_app.ipynb
[I 07:52:40.819 NotebookApp] Saving file at /dog_app.ipynb
[I 07:58:41.291 NotebookApp] 302 GET / (169.54.233.123) 0.60ms
[C 08:25:45.453 NotebookApp] received signal 15, stopping
[I 08:25:45.454 NotebookApp] Shutting down 1 kernel
[I 08:25:45.755 NotebookApp] Kernel shutdown: e5335c97-23f3-4bcb-82de-a2cd04fc0cca
[I 22:14:18.611 NotebookApp] Writing notebook server cookie secret to /run/user/1000/jupyter/notebook_cookie_secret
[I 22:14:19.573 NotebookApp] Serving notebooks from local directory: /home/ubuntu/dog-project
[I 22:14:19.573 NotebookApp] 0 active kernels
[I 22:14:19.573 NotebookApp] The Jupyter Notebook is running at:
[I 22:14:19.573 NotebookApp] http://0.0.0.0:8888/?token=0113b97b24c7f057aba60fd7eb6e695ba88d9446ed4d7620
[I 22:14:19.573 NotebookApp] Use Control-C to stop this server and shut down all kernels (twice to skip confirmation).
[C 22:14:19.573 NotebookApp] 
    
    Copy/paste this URL into your browser when you connect for the first time,
    to login with a token:
        http://0.0.0.0:8888/?token=0113b97b24c7f057aba60fd7eb6e695ba88d9446ed4d7620
[I 22:16:21.943 NotebookApp] 302 GET /?token=0113b97b24c7f057aba60fd7eb6e695ba88d9446ed4d7620 (68.204.7.55) 0.66ms
[I 22:16:33.850 NotebookApp] Kernel started: c6b09649-51de-482e-a5eb-6ff7fad1a03c
[I 22:16:33.853 NotebookApp] 302 GET /notebooks/images/Welsh_springer_spaniel_08203.jpg (68.204.7.55) 1.61ms
[I 22:16:33.854 NotebookApp] 302 GET /notebooks/images/Brittany_02625.jpg (68.204.7.55) 0.65ms
[I 22:16:33.855 NotebookApp] 302 GET /notebooks/images/sample_dog_output.png (68.204.7.55) 0.64ms
[I 22:16:33.915 NotebookApp] 302 GET /notebooks/images/Curly-coated_retriever_03896.jpg (68.204.7.55) 1.49ms
[I 22:16:33.925 NotebookApp] 302 GET /notebooks/images/American_water_spaniel_00648.jpg (68.204.7.55) 1.09ms
[I 22:16:34.213 NotebookApp] 302 GET /notebooks/images/Labrador_retriever_06457.jpg (68.204.7.55) 1.51ms
[I 22:16:34.276 NotebookApp] 302 GET /notebooks/images/Labrador_retriever_06455.jpg (68.204.7.55) 1.52ms
[I 22:16:34.460 NotebookApp] 302 GET /notebooks/images/Labrador_retriever_06449.jpg (68.204.7.55) 1.17ms
[I 22:16:34.516 NotebookApp] 302 GET /notebooks/images/sample_cnn.png (68.204.7.55) 1.38ms
[I 22:16:34.569 NotebookApp] Adapting to protocol v5.1 for kernel c6b09649-51de-482e-a5eb-6ff7fad1a03c
[I 22:16:34.699 NotebookApp] 302 GET /notebooks/images/sample_human_output.png (68.204.7.55) 0.97ms
I tensorflow/stream_executor/dso_loader.cc:135] successfully opened CUDA library libcublas.so.8.0 locally
I tensorflow/stream_executor/dso_loader.cc:135] successfully opened CUDA library libcudnn.so.5 locally
I tensorflow/stream_executor/dso_loader.cc:135] successfully opened CUDA library libcufft.so.8.0 locally
I tensorflow/stream_executor/dso_loader.cc:135] successfully opened CUDA library libcuda.so.1 locally
I tensorflow/stream_executor/dso_loader.cc:135] successfully opened CUDA library libcurand.so.8.0 locally
[I 22:26:36.253 NotebookApp] Saving file at /dog_app.ipynb
[I 22:28:36.214 NotebookApp] Saving file at /dog_app.ipynb
[W 22:36:34.570 NotebookApp] WebSocket ping timeout after 119504 ms.
[I 23:20:34.049 NotebookApp] Adapting to protocol v5.1 for kernel c6b09649-51de-482e-a5eb-6ff7fad1a03c
[W 23:23:04.050 NotebookApp] WebSocket ping timeout after 119967 ms.
[C 06:28:47.594 NotebookApp] received signal 15, stopping
[I 06:28:47.595 NotebookApp] Shutting down 1 kernel
[I 06:28:47.696 NotebookApp] Kernel shutdown: c6b09649-51de-482e-a5eb-6ff7fad1a03c
[I 22:39:59.392 NotebookApp] Writing notebook server cookie secret to /run/user/1000/jupyter/notebook_cookie_secret
[I 22:40:00.200 NotebookApp] Serving notebooks from local directory: /home/ubuntu/dog-project
[I 22:40:00.200 NotebookApp] 0 active kernels
[I 22:40:00.200 NotebookApp] The Jupyter Notebook is running at:
[I 22:40:00.200 NotebookApp] http://0.0.0.0:8888/?token=4d55c03cb16c0bf52e9b320319f4d41cfa806fa7b9ca29bc
[I 22:40:00.200 NotebookApp] Use Control-C to stop this server and shut down all kernels (twice to skip confirmation).
[C 22:40:00.200 NotebookApp] 
    
    Copy/paste this URL into your browser when you connect for the first time,
    to login with a token:
        http://0.0.0.0:8888/?token=4d55c03cb16c0bf52e9b320319f4d41cfa806fa7b9ca29bc
[I 22:40:29.721 NotebookApp] 302 GET /?token=4d55c03cb16c0bf52e9b320319f4d41cfa806fa7b9ca29bc (208.131.165.122) 0.56ms
[I 22:40:37.577 NotebookApp] 302 GET /notebooks/images/sample_dog_output.png (208.131.165.122) 1.15ms
[I 22:40:37.581 NotebookApp] 302 GET /notebooks/images/Brittany_02625.jpg (208.131.165.122) 0.65ms
[I 22:40:37.581 NotebookApp] 302 GET /notebooks/images/Welsh_springer_spaniel_08203.jpg (208.131.165.122) 0.62ms
[I 22:40:37.632 NotebookApp] 302 GET /notebooks/images/Curly-coated_retriever_03896.jpg (208.131.165.122) 0.69ms
[I 22:40:37.745 NotebookApp] Kernel started: d56cb238-3a79-40ee-ad1e-d9b643e2d0bc
[I 22:40:37.807 NotebookApp] 302 GET /notebooks/images/American_water_spaniel_00648.jpg (208.131.165.122) 0.92ms
[I 22:40:37.891 NotebookApp] 302 GET /notebooks/images/Labrador_retriever_06457.jpg (208.131.165.122) 0.73ms
[I 22:40:37.952 NotebookApp] 302 GET /notebooks/images/Labrador_retriever_06455.jpg (208.131.165.122) 0.89ms
[I 22:40:37.960 NotebookApp] 302 GET /notebooks/images/Labrador_retriever_06449.jpg (208.131.165.122) 0.65ms
[I 22:40:38.005 NotebookApp] 302 GET /notebooks/images/sample_cnn.png (208.131.165.122) 0.66ms
[I 22:40:38.098 NotebookApp] 302 GET /notebooks/images/sample_human_output.png (208.131.165.122) 0.89ms
[I 22:40:38.438 NotebookApp] Adapting to protocol v5.1 for kernel d56cb238-3a79-40ee-ad1e-d9b643e2d0bc
I tensorflow/stream_executor/dso_loader.cc:135] successfully opened CUDA library libcublas.so.8.0 locally
I tensorflow/stream_executor/dso_loader.cc:135] successfully opened CUDA library libcudnn.so.5 locally
I tensorflow/stream_executor/dso_loader.cc:135] successfully opened CUDA library libcufft.so.8.0 locally
I tensorflow/stream_executor/dso_loader.cc:135] successfully opened CUDA library libcuda.so.1 locally
I tensorflow/stream_executor/dso_loader.cc:135] successfully opened CUDA library libcurand.so.8.0 locally
[I 23:32:39.590 NotebookApp] Saving file at /dog_app.ipynb
[I 23:58:38.675 NotebookApp] Saving file at /dog_app.ipynb
[I 00:00:38.640 NotebookApp] Saving file at /dog_app.ipynb
[I 00:02:40.360 NotebookApp] Saving file at /dog_app.ipynb
[I 00:04:38.176 NotebookApp] Saving file at /dog_app.ipynb
[I 00:06:38.136 NotebookApp] Saving file at /dog_app.ipynb
[I 00:17:09.526 NotebookApp] Saving file at /dog_app.ipynb
[I 00:22:30.679 NotebookApp] Saving file at /dog_app.ipynb
[I 00:27:50.732 NotebookApp] Saving file at /dog_app.ipynb
[I 00:33:11.092 NotebookApp] Saving file at /dog_app.ipynb
[I 00:54:30.889 NotebookApp] Saving file at /dog_app.ipynb
[I 01:10:30.659 NotebookApp] Saving file at /dog_app.ipynb
[I 01:15:50.576 NotebookApp] Saving file at /dog_app.ipynb
[I 01:21:49.284 NotebookApp] Saving file at /dog_app.ipynb
Unhandled exception in thread started by 
[I 01:26:10.089 NotebookApp] Kernel interrupted: d56cb238-3a79-40ee-ad1e-d9b643e2d0bc
[I 01:26:43.584 NotebookApp] Kernel restarted: d56cb238-3a79-40ee-ad1e-d9b643e2d0bc
[I 01:26:44.405 NotebookApp] Adapting to protocol v5.1 for kernel d56cb238-3a79-40ee-ad1e-d9b643e2d0bc
I tensorflow/stream_executor/dso_loader.cc:135] successfully opened CUDA library libcublas.so.8.0 locally
I tensorflow/stream_executor/dso_loader.cc:135] successfully opened CUDA library libcudnn.so.5 locally
I tensorflow/stream_executor/dso_loader.cc:135] successfully opened CUDA library libcufft.so.8.0 locally
I tensorflow/stream_executor/dso_loader.cc:135] successfully opened CUDA library libcuda.so.1 locally
I tensorflow/stream_executor/dso_loader.cc:135] successfully opened CUDA library libcurand.so.8.0 locally
[I 01:28:35.177 NotebookApp] Saving file at /dog_app.ipynb
Unhandled exception in thread started by 
Traceback (most recent call last):
  File "/usr/local/lib/python3.5/dist-packages/IPython/core/history.py", line 834, in run
  File "<decorator-gen-23>", line 2, in writeout_cache
  File "/usr/local/lib/python3.5/dist-packages/IPython/core/history.py", line 58, in needs_sqlite
  File "/usr/local/lib/python3.5/dist-packages/IPython/core/history.py", line 780, in writeout_cache
  File "/usr/local/lib/python3.5/dist-packages/IPython/core/history.py", line 764, in _writeout_input_cache
sqlite3.OperationalError: unable to open database file

During handling of the above exception, another exception occurred:

Traceback (most recent call last):
  File "/usr/local/lib/python3.5/dist-packages/ipykernel/iostream.py", line 91, in _event_pipe
AttributeError: '_thread._local' object has no attribute 'event_pipe'

During handling of the above exception, another exception occurred:

Traceback (most recent call last):
  File "/usr/lib/python3.5/threading.py", line 914, in _bootstrap_inner
  File "<decorator-gen-24>", line 2, in run
  File "/usr/local/lib/python3.5/dist-packages/IPython/core/history.py", line 58, in needs_sqlite
  File "/usr/local/lib/python3.5/dist-packages/IPython/core/history.py", line 837, in run
  File "/usr/local/lib/python3.5/dist-packages/ipykernel/iostream.py", line 352, in write
  File "/usr/local/lib/python3.5/dist-packages/ipykernel/iostream.py", line 190, in schedule
  File "/usr/local/lib/python3.5/dist-packages/ipykernel/iostream.py", line 95, in _event_pipe
  File "/usr/local/lib/python3.5/dist-packages/zmq/sugar/context.py", line 146, in socket
  File "zmq/backend/cython/socket.pyx", line 285, in zmq.backend.cython.socket.Socket.__cinit__ (zmq/backend/cython/socket.c:3861)
zmq.error.ZMQError: Too many open files

During handling of the above exception, another exception occurred:

Traceback (most recent call last):
  File "/usr/local/lib/python3.5/dist-packages/ipykernel/iostream.py", line 91, in _event_pipe
AttributeError: '_thread._local' object has no attribute 'event_pipe'

During handling of the above exception, another exception occurred:

Traceback (most recent call last):
  File "/usr/lib/python3.5/threading.py", line 882, in _bootstrap
  File "/usr/lib/python3.5/threading.py", line 924, in _bootstrap_inner
  File "/usr/local/lib/python3.5/dist-packages/ipykernel/iostream.py", line 352, in write
  File "/usr/local/lib/python3.5/dist-packages/ipykernel/iostream.py", line 190, in schedule
  File "/usr/local/lib/python3.5/dist-packages/ipykernel/iostream.py", line 95, in _event_pipe
  File "/usr/local/lib/python3.5/dist-packages/zmq/sugar/context.py", line 146, in socket
  File "zmq/backend/cython/socket.pyx", line 285, in zmq.backend.cython.socket.Socket.__cinit__ (zmq/backend/cython/socket.c:3861)
zmq.error.ZMQError: Too many open files
[I 01:29:45.872 NotebookApp] Kernel restarted: d56cb238-3a79-40ee-ad1e-d9b643e2d0bc
[I 01:29:46.685 NotebookApp] Adapting to protocol v5.1 for kernel d56cb238-3a79-40ee-ad1e-d9b643e2d0bc
I tensorflow/stream_executor/dso_loader.cc:135] successfully opened CUDA library libcublas.so.8.0 locally
I tensorflow/stream_executor/dso_loader.cc:135] successfully opened CUDA library libcudnn.so.5 locally
I tensorflow/stream_executor/dso_loader.cc:135] successfully opened CUDA library libcufft.so.8.0 locally
I tensorflow/stream_executor/dso_loader.cc:135] successfully opened CUDA library libcuda.so.1 locally
I tensorflow/stream_executor/dso_loader.cc:135] successfully opened CUDA library libcurand.so.8.0 locally
[I 01:35:18.445 NotebookApp] Saving file at /dog_app.ipynb
[I 01:41:50.651 NotebookApp] Saving file at /dog_app.ipynb
[I 01:48:29.630 NotebookApp] Saving file at /dog_app.ipynb
[I 01:55:09.928 NotebookApp] Saving file at /dog_app.ipynb
[I 02:01:49.745 NotebookApp] Saving file at /dog_app.ipynb
[I 03:21:55.148 NotebookApp] Saving file at /dog_app.ipynb
[I 03:28:37.159 NotebookApp] Saving file at /dog_app.ipynb
[I 03:31:04.991 NotebookApp] Kernel restarted: d56cb238-3a79-40ee-ad1e-d9b643e2d0bc
[I 03:31:05.739 NotebookApp] Adapting to protocol v5.1 for kernel d56cb238-3a79-40ee-ad1e-d9b643e2d0bc
I tensorflow/stream_executor/dso_loader.cc:135] successfully opened CUDA library libcublas.so.8.0 locally
I tensorflow/stream_executor/dso_loader.cc:135] successfully opened CUDA library libcudnn.so.5 locally
I tensorflow/stream_executor/dso_loader.cc:135] successfully opened CUDA library libcufft.so.8.0 locally
I tensorflow/stream_executor/dso_loader.cc:135] successfully opened CUDA library libcuda.so.1 locally
I tensorflow/stream_executor/dso_loader.cc:135] successfully opened CUDA library libcurand.so.8.0 locally
[I 03:35:16.547 NotebookApp] Saving file at /dog_app.ipynb
[I 03:41:54.458 NotebookApp] Saving file at /dog_app.ipynb
W tensorflow/core/platform/cpu_feature_guard.cc:45] The TensorFlow library wasn't compiled to use SSE3 instructions, but these are available on your machine and could speed up CPU computations.
W tensorflow/core/platform/cpu_feature_guard.cc:45] The TensorFlow library wasn't compiled to use SSE4.1 instructions, but these are available on your machine and could speed up CPU computations.
W tensorflow/core/platform/cpu_feature_guard.cc:45] The TensorFlow library wasn't compiled to use SSE4.2 instructions, but these are available on your machine and could speed up CPU computations.
W tensorflow/core/platform/cpu_feature_guard.cc:45] The TensorFlow library wasn't compiled to use AVX instructions, but these are available on your machine and could speed up CPU computations.
W tensorflow/core/platform/cpu_feature_guard.cc:45] The TensorFlow library wasn't compiled to use AVX2 instructions, but these are available on your machine and could speed up CPU computations.
W tensorflow/core/platform/cpu_feature_guard.cc:45] The TensorFlow library wasn't compiled to use FMA instructions, but these are available on your machine and could speed up CPU computations.
I tensorflow/stream_executor/cuda/cuda_gpu_executor.cc:910] successful NUMA node read from SysFS had negative value (-1), but there must be at least one NUMA node, so returning NUMA node zero
I tensorflow/core/common_runtime/gpu/gpu_device.cc:885] Found device 0 with properties: 
name: Tesla K80
major: 3 minor: 7 memoryClockRate (GHz) 0.8235
pciBusID 0000:00:1e.0
Total memory: 11.17GiB
Free memory: 11.04GiB
I tensorflow/core/common_runtime/gpu/gpu_device.cc:906] DMA: 0 
I tensorflow/core/common_runtime/gpu/gpu_device.cc:916] 0:   Y 
I tensorflow/core/common_runtime/gpu/gpu_device.cc:975] Creating TensorFlow device (/gpu:0) -> (device: 0, name: Tesla K80, pci bus id: 0000:00:1e.0)
[I 03:48:30.101 NotebookApp] Saving file at /dog_app.ipynb
[I 03:48:45.376 NotebookApp] Kernel interrupted: d56cb238-3a79-40ee-ad1e-d9b643e2d0bc
[I 03:49:38.617 NotebookApp] Kernel interrupted: d56cb238-3a79-40ee-ad1e-d9b643e2d0bc
[I 03:53:45.341 NotebookApp] Kernel interrupted: d56cb238-3a79-40ee-ad1e-d9b643e2d0bc
[I 03:54:06.979 NotebookApp] Kernel interrupted: d56cb238-3a79-40ee-ad1e-d9b643e2d0bc
[I 03:55:10.077 NotebookApp] Saving file at /dog_app.ipynb
[I 03:55:48.691 NotebookApp] Kernel interrupted: d56cb238-3a79-40ee-ad1e-d9b643e2d0bc
[I 03:56:38.681 NotebookApp] Kernel interrupted: d56cb238-3a79-40ee-ad1e-d9b643e2d0bc
[I 03:58:07.948 NotebookApp] Kernel interrupted: d56cb238-3a79-40ee-ad1e-d9b643e2d0bc
[I 03:58:45.145 NotebookApp] Kernel interrupted: d56cb238-3a79-40ee-ad1e-d9b643e2d0bc
[I 03:59:10.583 NotebookApp] Kernel interrupted: d56cb238-3a79-40ee-ad1e-d9b643e2d0bc
[I 04:01:49.963 NotebookApp] Saving file at /dog_app.ipynb
[I 04:06:34.552 NotebookApp] Kernel interrupted: d56cb238-3a79-40ee-ad1e-d9b643e2d0bc
[I 04:08:30.085 NotebookApp] Saving file at /dog_app.ipynb
[I 04:09:52.584 NotebookApp] Kernel interrupted: d56cb238-3a79-40ee-ad1e-d9b643e2d0bc
[I 04:15:09.939 NotebookApp] Saving file at /dog_app.ipynb
[I 04:21:50.155 NotebookApp] Saving file at /dog_app.ipynb
[I 04:25:55.646 NotebookApp] Kernel interrupted: d56cb238-3a79-40ee-ad1e-d9b643e2d0bc
[I 04:28:29.078 NotebookApp] Kernel interrupted: d56cb238-3a79-40ee-ad1e-d9b643e2d0bc
[I 04:28:30.013 NotebookApp] Saving file at /dog_app.ipynb
[I 04:30:21.079 NotebookApp] Kernel interrupted: d56cb238-3a79-40ee-ad1e-d9b643e2d0bc
[I 04:33:00.267 NotebookApp] Kernel interrupted: d56cb238-3a79-40ee-ad1e-d9b643e2d0bc
[I 04:35:10.219 NotebookApp] Saving file at /dog_app.ipynb
[I 04:35:27.923 NotebookApp] Kernel interrupted: d56cb238-3a79-40ee-ad1e-d9b643e2d0bc
[I 04:35:54.785 NotebookApp] Kernel interrupted: d56cb238-3a79-40ee-ad1e-d9b643e2d0bc
[I 04:37:23.370 NotebookApp] Kernel interrupted: d56cb238-3a79-40ee-ad1e-d9b643e2d0bc
[I 04:37:58.251 NotebookApp] Kernel interrupted: d56cb238-3a79-40ee-ad1e-d9b643e2d0bc
[I 04:38:19.471 NotebookApp] Kernel interrupted: d56cb238-3a79-40ee-ad1e-d9b643e2d0bc
[I 04:41:51.000 NotebookApp] Saving file at /dog_app.ipynb
I tensorflow/core/common_runtime/gpu/pool_allocator.cc:247] PoolAllocator: After 1135886 get requests, put_count=1135845 evicted_count=1000 eviction_rate=0.000880402 and unsatisfied allocation rate=0.0010045
[I 04:46:22.274 NotebookApp] Kernel interrupted: d56cb238-3a79-40ee-ad1e-d9b643e2d0bc
[I 04:48:30.051 NotebookApp] Saving file at /dog_app.ipynb
[I 04:55:10.195 NotebookApp] Saving file at /dog_app.ipynb
[I 04:58:07.123 NotebookApp] Kernel restarted: d56cb238-3a79-40ee-ad1e-d9b643e2d0bc
[I 04:58:07.922 NotebookApp] Adapting to protocol v5.1 for kernel d56cb238-3a79-40ee-ad1e-d9b643e2d0bc
I tensorflow/stream_executor/dso_loader.cc:135] successfully opened CUDA library libcublas.so.8.0 locally
I tensorflow/stream_executor/dso_loader.cc:135] successfully opened CUDA library libcudnn.so.5 locally
I tensorflow/stream_executor/dso_loader.cc:135] successfully opened CUDA library libcufft.so.8.0 locally
I tensorflow/stream_executor/dso_loader.cc:135] successfully opened CUDA library libcuda.so.1 locally
I tensorflow/stream_executor/dso_loader.cc:135] successfully opened CUDA library libcurand.so.8.0 locally
[I 05:01:50.020 NotebookApp] Saving file at /dog_app.ipynb
[W 05:13:07.923 NotebookApp] WebSocket ping timeout after 119942 ms.
[I 06:15:02.822 NotebookApp] Adapting to protocol v5.1 for kernel d56cb238-3a79-40ee-ad1e-d9b643e2d0bc
[I 06:20:40.048 NotebookApp] Kernel restarted: d56cb238-3a79-40ee-ad1e-d9b643e2d0bc
[I 06:20:40.888 NotebookApp] Adapting to protocol v5.1 for kernel d56cb238-3a79-40ee-ad1e-d9b643e2d0bc
[I 06:21:35.793 NotebookApp] Saving file at /dog_app.ipynb
I tensorflow/stream_executor/dso_loader.cc:135] successfully opened CUDA library libcublas.so.8.0 locally
I tensorflow/stream_executor/dso_loader.cc:135] successfully opened CUDA library libcudnn.so.5 locally
I tensorflow/stream_executor/dso_loader.cc:135] successfully opened CUDA library libcufft.so.8.0 locally
I tensorflow/stream_executor/dso_loader.cc:135] successfully opened CUDA library libcuda.so.1 locally
I tensorflow/stream_executor/dso_loader.cc:135] successfully opened CUDA library libcurand.so.8.0 locally
[I 06:22:08.016 NotebookApp] Kernel restarted: d56cb238-3a79-40ee-ad1e-d9b643e2d0bc
[I 06:22:08.798 NotebookApp] Adapting to protocol v5.1 for kernel d56cb238-3a79-40ee-ad1e-d9b643e2d0bc
I tensorflow/stream_executor/dso_loader.cc:135] successfully opened CUDA library libcublas.so.8.0 locally
I tensorflow/stream_executor/dso_loader.cc:135] successfully opened CUDA library libcudnn.so.5 locally
I tensorflow/stream_executor/dso_loader.cc:135] successfully opened CUDA library libcufft.so.8.0 locally
I tensorflow/stream_executor/dso_loader.cc:135] successfully opened CUDA library libcuda.so.1 locally
I tensorflow/stream_executor/dso_loader.cc:135] successfully opened CUDA library libcurand.so.8.0 locally
W tensorflow/core/platform/cpu_feature_guard.cc:45] The TensorFlow library wasn't compiled to use SSE3 instructions, but these are available on your machine and could speed up CPU computations.
W tensorflow/core/platform/cpu_feature_guard.cc:45] The TensorFlow library wasn't compiled to use SSE4.1 instructions, but these are available on your machine and could speed up CPU computations.
W tensorflow/core/platform/cpu_feature_guard.cc:45] The TensorFlow library wasn't compiled to use SSE4.2 instructions, but these are available on your machine and could speed up CPU computations.
W tensorflow/core/platform/cpu_feature_guard.cc:45] The TensorFlow library wasn't compiled to use AVX instructions, but these are available on your machine and could speed up CPU computations.
W tensorflow/core/platform/cpu_feature_guard.cc:45] The TensorFlow library wasn't compiled to use AVX2 instructions, but these are available on your machine and could speed up CPU computations.
W tensorflow/core/platform/cpu_feature_guard.cc:45] The TensorFlow library wasn't compiled to use FMA instructions, but these are available on your machine and could speed up CPU computations.
I tensorflow/stream_executor/cuda/cuda_gpu_executor.cc:910] successful NUMA node read from SysFS had negative value (-1), but there must be at least one NUMA node, so returning NUMA node zero
I tensorflow/core/common_runtime/gpu/gpu_device.cc:885] Found device 0 with properties: 
name: Tesla K80
major: 3 minor: 7 memoryClockRate (GHz) 0.8235
pciBusID 0000:00:1e.0
Total memory: 11.17GiB
Free memory: 11.04GiB
I tensorflow/core/common_runtime/gpu/gpu_device.cc:906] DMA: 0 
I tensorflow/core/common_runtime/gpu/gpu_device.cc:916] 0:   Y 
I tensorflow/core/common_runtime/gpu/gpu_device.cc:975] Creating TensorFlow device (/gpu:0) -> (device: 0, name: Tesla K80, pci bus id: 0000:00:1e.0)
[I 06:28:19.146 NotebookApp] Saving file at /dog_app.ipynb
[I 06:34:55.156 NotebookApp] Saving file at /dog_app.ipynb
[I 06:41:34.274 NotebookApp] Saving file at /dog_app.ipynb
[I 06:47:03.234 NotebookApp] Kernel interrupted: d56cb238-3a79-40ee-ad1e-d9b643e2d0bc
[I 06:48:06.931 NotebookApp] Kernel interrupted: d56cb238-3a79-40ee-ad1e-d9b643e2d0bc
[I 06:48:14.037 NotebookApp] Saving file at /dog_app.ipynb
[I 06:48:26.068 NotebookApp] Kernel interrupted: d56cb238-3a79-40ee-ad1e-d9b643e2d0bc
[I 06:49:21.935 NotebookApp] Kernel interrupted: d56cb238-3a79-40ee-ad1e-d9b643e2d0bc
[I 06:50:09.471 NotebookApp] Kernel restarted: d56cb238-3a79-40ee-ad1e-d9b643e2d0bc
[I 06:50:10.412 NotebookApp] Adapting to protocol v5.1 for kernel d56cb238-3a79-40ee-ad1e-d9b643e2d0bc
I tensorflow/stream_executor/dso_loader.cc:135] successfully opened CUDA library libcublas.so.8.0 locally
I tensorflow/stream_executor/dso_loader.cc:135] successfully opened CUDA library libcudnn.so.5 locally
I tensorflow/stream_executor/dso_loader.cc:135] successfully opened CUDA library libcufft.so.8.0 locally
I tensorflow/stream_executor/dso_loader.cc:135] successfully opened CUDA library libcuda.so.1 locally
I tensorflow/stream_executor/dso_loader.cc:135] successfully opened CUDA library libcurand.so.8.0 locally
W tensorflow/core/platform/cpu_feature_guard.cc:45] The TensorFlow library wasn't compiled to use SSE3 instructions, but these are available on your machine and could speed up CPU computations.
W tensorflow/core/platform/cpu_feature_guard.cc:45] The TensorFlow library wasn't compiled to use SSE4.1 instructions, but these are available on your machine and could speed up CPU computations.
W tensorflow/core/platform/cpu_feature_guard.cc:45] The TensorFlow library wasn't compiled to use SSE4.2 instructions, but these are available on your machine and could speed up CPU computations.
W tensorflow/core/platform/cpu_feature_guard.cc:45] The TensorFlow library wasn't compiled to use AVX instructions, but these are available on your machine and could speed up CPU computations.
W tensorflow/core/platform/cpu_feature_guard.cc:45] The TensorFlow library wasn't compiled to use AVX2 instructions, but these are available on your machine and could speed up CPU computations.
W tensorflow/core/platform/cpu_feature_guard.cc:45] The TensorFlow library wasn't compiled to use FMA instructions, but these are available on your machine and could speed up CPU computations.
I tensorflow/stream_executor/cuda/cuda_gpu_executor.cc:910] successful NUMA node read from SysFS had negative value (-1), but there must be at least one NUMA node, so returning NUMA node zero
I tensorflow/core/common_runtime/gpu/gpu_device.cc:885] Found device 0 with properties: 
name: Tesla K80
major: 3 minor: 7 memoryClockRate (GHz) 0.8235
pciBusID 0000:00:1e.0
Total memory: 11.17GiB
Free memory: 11.04GiB
I tensorflow/core/common_runtime/gpu/gpu_device.cc:906] DMA: 0 
I tensorflow/core/common_runtime/gpu/gpu_device.cc:916] 0:   Y 
I tensorflow/core/common_runtime/gpu/gpu_device.cc:975] Creating TensorFlow device (/gpu:0) -> (device: 0, name: Tesla K80, pci bus id: 0000:00:1e.0)
[I 06:54:53.978 NotebookApp] Saving file at /dog_app.ipynb
[I 07:01:35.553 NotebookApp] Saving file at /dog_app.ipynb
[E 07:01:35.556 NotebookApp] Er[I 23:51:38.784 NotebookApp] Writing notebook server cookie secret to /run/user/1000/jupyter/notebook_cookie_secret
[I 23:51:39.483 NotebookApp] Serving notebooks from local directory: /home/ubuntu/dog-project
[I 23:51:39.483 NotebookApp] 0 active kernels
[I 23:51:39.483 NotebookApp] The Jupyter Notebook is running at:
[I 23:51:39.483 NotebookApp] http://0.0.0.0:8888/?token=d403dc001556345f087094f8e68b56761789209cbbe81aa2
[I 23:51:39.483 NotebookApp] Use Control-C to stop this server and shut down all kernels (twice to skip confirmation).
[C 23:51:39.484 NotebookApp] 
    
    Copy/paste this URL into your browser when you connect for the first time,
    to login with a token:
        http://0.0.0.0:8888/?token=d403dc001556345f087094f8e68b56761789209cbbe81aa2
[I 23:56:07.920 NotebookApp] 302 GET /?token=d403dc001556345f087094f8e68b56761789209cbbe81aa2 (104.244.228.95) 0.54ms
[I 23:56:32.422 NotebookApp] Kernel started: fac92aec-3e04-40d6-bc10-954207678941
[I 23:56:32.427 NotebookApp] 302 GET /notebooks/images/sample_dog_output.png (104.244.228.95) 0.67ms
[I 23:56:32.428 NotebookApp] 302 GET /notebooks/images/Brittany_02625.jpg (104.244.228.95) 0.59ms
[I 23:56:32.428 NotebookApp] 302 GET /notebooks/images/Welsh_springer_spaniel_08203.jpg (104.244.228.95) 0.59ms
[I 23:56:32.494 NotebookApp] 302 GET /notebooks/images/Curly-coated_retriever_03896.jpg (104.244.228.95) 1.28ms
[I 23:56:32.506 NotebookApp] 302 GET /notebooks/images/American_water_spaniel_00648.jpg (104.244.228.95) 0.76ms
[I 23:56:32.986 NotebookApp] 302 GET /notebooks/images/Labrador_retriever_06457.jpg (104.244.228.95) 1.30ms
[I 23:56:32.987 NotebookApp] 302 GET /notebooks/images/Labrador_retriever_06455.jpg (104.244.228.95) 1.07ms
[I 23:56:33.013 NotebookApp] 302 GET /notebooks/images/Labrador_retriever_06449.jpg (104.244.228.95) 1.13ms
[I 23:56:33.115 NotebookApp] Adapting to protocol v5.1 for kernel fac92aec-3e04-40d6-bc10-954207678941
[I 23:56:34.154 NotebookApp] 302 GET /notebooks/images/sample_cnn.png (104.244.228.95) 0.86ms
[I 23:56:34.840 NotebookApp] 302 GET /notebooks/images/sample_human_output.png (104.244.228.95) 0.88ms
I tensorflow/stream_executor/dso_loader.cc:135] successfully opened CUDA library libcublas.so.8.0 locally
I tensorflow/stream_executor/dso_loader.cc:135] successfully opened CUDA library libcudnn.so.5 locally
I tensorflow/stream_executor/dso_loader.cc:135] successfully opened CUDA library libcufft.so.8.0 locally
I tensorflow/stream_executor/dso_loader.cc:135] successfully opened CUDA library libcuda.so.1 locally
I tensorflow/stream_executor/dso_loader.cc:135] successfully opened CUDA library libcurand.so.8.0 locally
[I 00:04:35.278 NotebookApp] Saving file at /dog_app.ipynb
[I 00:06:36.911 NotebookApp] Saving file at /dog_app.ipynb
[I 00:08:35.356 NotebookApp] Saving file at /dog_app.ipynb
[I 00:10:36.084 NotebookApp] Saving file at /dog_app.ipynb
[I 00:12:37.612 NotebookApp] Saving file at /dog_app.ipynb
W tensorflow/core/platform/cpu_feature_guard.cc:45] The TensorFlow library wasn't compiled to use SSE3 instructions, but these are available on your machine and could speed up CPU computations.
W tensorflow/core/platform/cpu_feature_guard.cc:45] The TensorFlow library wasn't compiled to use SSE4.1 instructions, but these are available on your machine and could speed up CPU computations.
W tensorflow/core/platform/cpu_feature_guard.cc:45] The TensorFlow library wasn't compiled to use SSE4.2 instructions, but these are available on your machine and could speed up CPU computations.
W tensorflow/core/platform/cpu_feature_guard.cc:45] The TensorFlow library wasn't compiled to use AVX instructions, but these are available on your machine and could speed up CPU computations.
W tensorflow/core/platform/cpu_feature_guard.cc:45] The TensorFlow library wasn't compiled to use AVX2 instructions, but these are available on your machine and could speed up CPU computations.
W tensorflow/core/platform/cpu_feature_guard.cc:45] The TensorFlow library wasn't compiled to use FMA instructions, but these are available on your machine and could speed up CPU computations.
I tensorflow/stream_executor/cuda/cuda_gpu_executor.cc:910] successful NUMA node read from SysFS had negative value (-1), but there must be at least one NUMA node, so returning NUMA node zero
I tensorflow/core/common_runtime/gpu/gpu_device.cc:885] Found device 0 with properties: 
name: Tesla K80
major: 3 minor: 7 memoryClockRate (GHz) 0.8235
pciBusID 0000:00:1e.0
Total memory: 11.17GiB
Free memory: 11.04GiB
I tensorflow/core/common_runtime/gpu/gpu_device.cc:906] DMA: 0 
I tensorflow/core/common_runtime/gpu/gpu_device.cc:916] 0:   Y 
I tensorflow/core/common_runtime/gpu/gpu_device.cc:975] Creating TensorFlow device (/gpu:0) -> (device: 0, name: Tesla K80, pci bus id: 0000:00:1e.0)
[I 00:14:37.908 NotebookApp] Saving file at /dog_app.ipynb
[I 00:15:20.353 NotebookApp] Kernel interrupted: fac92aec-3e04-40d6-bc10-954207678941
[I 00:16:38.190 NotebookApp] Saving file at /dog_app.ipynb
[I 00:18:39.222 NotebookApp] Saving file at /dog_app.ipynb
[I 00:22:39.283 NotebookApp] Saving file at /dog_app.ipynb
[I 00:24:35.870 NotebookApp] Saving file at /dog_app.ipynb
[I 00:26:36.420 NotebookApp] Saving file at /dog_app.ipynb
[I 00:28:23.649 NotebookApp] Kernel interrupted: fac92aec-3e04-40d6-bc10-954207678941
[I 00:28:37.579 NotebookApp] Saving file at /dog_app.ipynb
[I 00:40:34.059 NotebookApp] Saving file at /dog_app.ipynb
[I 00:41:03.106 NotebookApp] Kernel interrupted: fac92aec-3e04-40d6-bc10-954207678941
[I 00:42:35.408 NotebookApp] Saving file at /dog_app.ipynb
[I 00:44:35.585 NotebookApp] Saving file at /dog_app.ipynb
[I 00:46:34.724 NotebookApp] Saving file at /dog_app.ipynb
[I 00:48:33.278 NotebookApp] Saving file at /dog_app.ipynb
[I 00:49:41.774 NotebookApp] Kernel interrupted: fac92aec-3e04-40d6-bc10-954207678941
[I 00:50:12.285 NotebookApp] Kernel interrupted: fac92aec-3e04-40d6-bc10-954207678941
[I 00:50:38.208 NotebookApp] Saving file at /dog_app.ipynb
[I 00:58:33.130 NotebookApp] Saving file at /dog_app.ipynb
[I 01:00:35.684 NotebookApp] Saving file at /dog_app.ipynb
[I 01:02:34.989 NotebookApp] Saving file at /dog_app.ipynb
[I 01:04:34.489 NotebookApp] Saving file at /dog_app.ipynb
[I 01:06:34.604 NotebookApp] Saving file at /dog_app.ipynb
[I 01:10:35.302 NotebookApp] Saving file at /dog_app.ipynb
[I 01:12:36.257 NotebookApp] Saving file at /dog_app.ipynb
[I 01:14:35.989 NotebookApp] Saving file at /dog_app.ipynb
[I 01:16:34.844 NotebookApp] Saving file at /dog_app.ipynb
[I 01:18:34.598 NotebookApp] Saving file at /dog_app.ipynb
[I 01:20:40.357 NotebookApp] Saving file at /dog_app.ipynb
[I 01:22:38.935 NotebookApp] Saving file at /dog_app.ipynb
[I 01:24:34.662 NotebookApp] Saving file at /dog_app.ipynb
[I 01:26:27.650 NotebookApp] Kernel restarted: fac92aec-3e04-40d6-bc10-954207678941
[I 01:26:28.598 NotebookApp] Adapting to protocol v5.1 for kernel fac92aec-3e04-40d6-bc10-954207678941
[I 01:26:32.984 NotebookApp] Saving file at /dog_app.ipynb
I tensorflow/stream_executor/dso_loader.cc:135] successfully opened CUDA library libcublas.so.8.0 locally
I tensorflow/stream_executor/dso_loader.cc:135] successfully opened CUDA library libcudnn.so.5 locally
I tensorflow/stream_executor/dso_loader.cc:135] successfully opened CUDA library libcufft.so.8.0 locally
I tensorflow/stream_executor/dso_loader.cc:135] successfully opened CUDA library libcuda.so.1 locally
I tensorflow/stream_executor/dso_loader.cc:135] successfully opened CUDA library libcurand.so.8.0 locally
[I 01:28:40.156 NotebookApp] Saving file at /dog_app.ipynb
[I 01:30:39.187 NotebookApp] Saving file at /dog_app.ipynb
[I 01:32:39.967 NotebookApp] Saving file at /dog_app.ipynb
[I 01:33:05.820 NotebookApp] Kernel interrupted: fac92aec-3e04-40d6-bc10-954207678941
[I 01:34:42.989 NotebookApp] Saving file at /dog_app.ipynb
[I 01:40:34.058 NotebookApp] Saving file at /dog_app.ipynb
W tensorflow/core/platform/cpu_feature_guard.cc:45] The TensorFlow library wasn't compiled to use SSE3 instructions, but these are available on your machine and could speed up CPU computations.
W tensorflow/core/platform/cpu_feature_guard.cc:45] The TensorFlow library wasn't compiled to use SSE4.1 instructions, but these are available on your machine and could speed up CPU computations.
W tensorflow/core/platform/cpu_feature_guard.cc:45] The TensorFlow library wasn't compiled to use SSE4.2 instructions, but these are available on your machine and could speed up CPU computations.
W tensorflow/core/platform/cpu_feature_guard.cc:45] The TensorFlow library wasn't compiled to use AVX instructions, but these are available on your machine and could speed up CPU computations.
W tensorflow/core/platform/cpu_feature_guard.cc:45] The TensorFlow library wasn't compiled to use AVX2 instructions, but these are available on your machine and could speed up CPU computations.
W tensorflow/core/platform/cpu_feature_guard.cc:45] The TensorFlow library wasn't compiled to use FMA instructions, but these are available on your machine and could speed up CPU computations.
I tensorflow/stream_executor/cuda/cuda_gpu_executor.cc:910] successful NUMA node read from SysFS had negative value (-1), but there must be at least one NUMA node, so returning NUMA node zero
I tensorflow/core/common_runtime/gpu/gpu_device.cc:885] Found device 0 with properties: 
name: Tesla K80
major: 3 minor: 7 memoryClockRate (GHz) 0.8235
pciBusID 0000:00:1e.0
Total memory: 11.17GiB
Free memory: 11.04GiB
I tensorflow/core/common_runtime/gpu/gpu_device.cc:906] DMA: 0 
I tensorflow/core/common_runtime/gpu/gpu_device.cc:916] 0:   Y 
I tensorflow/core/common_runtime/gpu/gpu_device.cc:975] Creating TensorFlow device (/gpu:0) -> (device: 0, name: Tesla K80, pci bus id: 0000:00:1e.0)
[I 01:41:40.329 NotebookApp] Kernel interrupted: fac92aec-3e04-40d6-bc10-954207678941
[I 01:44:19.393 NotebookApp] Saving file at /dog_app.ipynb
[I 01:44:35.024 NotebookApp] Kernel interrupted: fac92aec-3e04-40d6-bc10-954207678941
[I 07:11:29.275 NotebookApp] 302 GET / (158.85.81.123) 0.51ms
[I 07:56:09.124 NotebookApp] The port 8888 is already in use, trying another port.
[I 07:56:09.131 NotebookApp] Serving notebooks from local directory: /home/ubuntu/dog-project
[I 07:56:09.131 NotebookApp] 0 active kernels
[I 07:56:09.131 NotebookApp] The Jupyter Notebook is running at:
[I 07:56:09.131 NotebookApp] http://0.0.0.0:8889/?token=c53d30f0d5a22d43a8caac2611d934d758c71fd340c9cafb
[I 07:56:09.131 NotebookApp] Use Control-C to stop this server and shut down all kernels (twice to skip confirmation).
[C 07:56:09.131 NotebookApp] 
    
    Copy/paste this URL into your browser when you connect for the first time,
    to login with a token:
        http://0.0.0.0:8889/?token=c53d30f0d5a22d43a8caac2611d934d758c71fd340c9cafb
[C 08:00:32.537 NotebookApp] received signal 15, stopping
[I 08:00:32.537 NotebookApp] Shutting down 1 kernel
[I 08:00:33.239 NotebookApp] Kernel shutdown: fac92aec-3e04-40d6-bc10-954207678941
[C 08:00:36.756 NotebookApp] received signal 15, stopping
[I 08:00:36.757 NotebookApp] Shutting down 0 kernels
